2025-12-17 20:37:44 INFO  [main] c.culina.auth.AuthServiceApplication - Starting AuthServiceApplication using Java 19 with PID 13848 (C:\Users\jagad\Documents\workspace\auth-service\target\classes started by jagad in C:\Users\jagad\Documents\workspace)
2025-12-17 20:37:44 DEBUG [main] c.culina.auth.AuthServiceApplication - Running with Spring Boot v4.0.0, Spring v7.0.1
2025-12-17 20:37:44 INFO  [main] c.culina.auth.AuthServiceApplication - No active profile set, falling back to 1 default profile: "default"
2025-12-17 20:37:45 INFO  [main] o.s.d.r.c.RepositoryConfigurationDelegate - Bootstrapping Spring Data JPA repositories in DEFAULT mode.
2025-12-17 20:37:45 INFO  [main] o.s.d.r.c.RepositoryConfigurationDelegate - Finished Spring Data repository scanning in 78 ms. Found 1 JPA repository interface.
2025-12-17 20:37:46 INFO  [main] o.s.boot.tomcat.TomcatWebServer - Tomcat initialized with port 8080 (http)
2025-12-17 20:37:46 INFO  [main] o.a.catalina.core.StandardService - Starting service [Tomcat]
2025-12-17 20:37:46 INFO  [main] o.a.catalina.core.StandardEngine - Starting Servlet engine: [Apache Tomcat/11.0.14]
2025-12-17 20:37:46 INFO  [main] o.s.b.w.c.s.WebApplicationContextInitializer - Root WebApplicationContext: initialization completed in 2291 ms
2025-12-17 20:37:46 DEBUG [main] c.c.a.s.JwtAuthenticationFilter - Filter 'jwtAuthenticationFilter' configured for use
2025-12-17 20:37:46 INFO  [main] o.h.jpa.internal.util.LogHelper - HHH000204: Processing PersistenceUnitInfo [name: default]
2025-12-17 20:37:46 INFO  [main] org.hibernate.Version - HHH000412: Hibernate ORM core version 7.1.8.Final
2025-12-17 20:37:47 INFO  [main] o.s.o.j.p.SpringPersistenceUnitInfo - No LoadTimeWeaver setup: ignoring JPA class transformer
2025-12-17 20:37:47 INFO  [main] com.zaxxer.hikari.HikariDataSource - HikariPool-1 - Starting...
2025-12-17 20:37:47 INFO  [main] com.zaxxer.hikari.pool.HikariPool - HikariPool-1 - Added connection org.postgresql.jdbc.PgConnection@40ac0a56
2025-12-17 20:37:47 INFO  [main] com.zaxxer.hikari.HikariDataSource - HikariPool-1 - Start completed.
2025-12-17 20:37:48 WARN  [main] org.hibernate.orm.deprecation - HHH90000025: PostgreSQLDialect does not need to be specified explicitly using 'hibernate.dialect' (remove the property setting and it will be selected by default)
2025-12-17 20:37:48 INFO  [main] o.hibernate.orm.connections.pooling - HHH10001005: Database info:
	Database JDBC URL [jdbc:postgresql://localhost:5432/postgres]
	Database driver: PostgreSQL JDBC Driver
	Database dialect: PostgreSQLDialect
	Database version: 18.1
	Default catalog/schema: postgres/public
	Autocommit mode: undefined/unknown
	Isolation level: READ_COMMITTED [default READ_COMMITTED]
	JDBC fetch size: none
	Pool: DatasourceConnectionProviderImpl
	Minimum pool size: undefined/unknown
	Maximum pool size: undefined/unknown
2025-12-17 20:37:49 INFO  [main] o.h.e.t.j.p.i.JtaPlatformInitiator - HHH000489: No JTA platform available (set 'hibernate.transaction.jta.platform' to enable JTA platform integration)
2025-12-17 20:37:49 INFO  [main] o.s.o.j.LocalContainerEntityManagerFactoryBean - Initialized JPA EntityManagerFactory for persistence unit 'default'
2025-12-17 20:37:49 INFO  [main] o.s.d.j.r.q.QueryEnhancerFactories - Hibernate is in classpath; If applicable, HQL parser will be used.
2025-12-17 20:37:49 WARN  [main] o.s.b.j.a.JpaBaseConfiguration$JpaWebConfiguration - spring.jpa.open-in-view is enabled by default. Therefore, database queries may be performed during view rendering. Explicitly configure spring.jpa.open-in-view to disable this warning
2025-12-17 20:37:49 WARN  [main] o.s.b.s.a.UserDetailsServiceAutoConfiguration - 

Using generated security password: 196076b0-3c3d-497b-8f30-50ba690c97e9

This generated password is for development use only. Your security configuration must be updated before running your application in production.

2025-12-17 20:37:49 INFO  [main] o.s.s.c.a.a.c.InitializeUserDetailsBeanManagerConfigurer$InitializeUserDetailsManagerConfigurer - Global AuthenticationManager configured with UserDetailsService bean with name inMemoryUserDetailsManager
2025-12-17 20:37:50 INFO  [main] o.s.boot.tomcat.TomcatWebServer - Tomcat started on port 8080 (http) with context path '/'
2025-12-17 20:37:50 INFO  [main] c.culina.auth.AuthServiceApplication - Started AuthServiceApplication in 7.295 seconds (process running for 7.861)
2025-12-17 20:38:04 INFO  [main] c.culina.auth.AuthServiceApplication - Starting AuthServiceApplication using Java 19 with PID 16520 (C:\Users\jagad\Documents\workspace\auth-service\target\classes started by jagad in C:\Users\jagad\Documents\workspace)
2025-12-17 20:38:04 DEBUG [main] c.culina.auth.AuthServiceApplication - Running with Spring Boot v4.0.0, Spring v7.0.1
2025-12-17 20:38:04 INFO  [main] c.culina.auth.AuthServiceApplication - No active profile set, falling back to 1 default profile: "default"
2025-12-17 20:38:06 INFO  [main] o.s.d.r.c.RepositoryConfigurationDelegate - Bootstrapping Spring Data JPA repositories in DEFAULT mode.
2025-12-17 20:38:06 INFO  [main] o.s.d.r.c.RepositoryConfigurationDelegate - Finished Spring Data repository scanning in 181 ms. Found 1 JPA repository interface.
2025-12-17 20:38:08 INFO  [main] o.s.boot.tomcat.TomcatWebServer - Tomcat initialized with port 8080 (http)
2025-12-17 20:38:08 INFO  [main] o.a.catalina.core.StandardService - Starting service [Tomcat]
2025-12-17 20:38:08 INFO  [main] o.a.catalina.core.StandardEngine - Starting Servlet engine: [Apache Tomcat/11.0.14]
2025-12-17 20:38:08 INFO  [main] o.s.b.w.c.s.WebApplicationContextInitializer - Root WebApplicationContext: initialization completed in 3630 ms
2025-12-17 20:38:08 DEBUG [main] c.c.a.s.JwtAuthenticationFilter - Filter 'jwtAuthenticationFilter' configured for use
2025-12-17 20:38:09 INFO  [main] o.h.jpa.internal.util.LogHelper - HHH000204: Processing PersistenceUnitInfo [name: default]
2025-12-17 20:38:09 INFO  [main] org.hibernate.Version - HHH000412: Hibernate ORM core version 7.1.8.Final
2025-12-17 20:38:10 INFO  [main] o.s.o.j.p.SpringPersistenceUnitInfo - No LoadTimeWeaver setup: ignoring JPA class transformer
2025-12-17 20:38:10 INFO  [main] com.zaxxer.hikari.HikariDataSource - HikariPool-1 - Starting...
2025-12-17 20:38:11 INFO  [main] com.zaxxer.hikari.pool.HikariPool - HikariPool-1 - Added connection org.postgresql.jdbc.PgConnection@29699283
2025-12-17 20:38:11 INFO  [main] com.zaxxer.hikari.HikariDataSource - HikariPool-1 - Start completed.
2025-12-17 20:38:11 WARN  [main] org.hibernate.orm.deprecation - HHH90000025: PostgreSQLDialect does not need to be specified explicitly using 'hibernate.dialect' (remove the property setting and it will be selected by default)
2025-12-17 20:38:11 INFO  [main] o.hibernate.orm.connections.pooling - HHH10001005: Database info:
	Database JDBC URL [jdbc:postgresql://localhost:5432/postgres]
	Database driver: PostgreSQL JDBC Driver
	Database dialect: PostgreSQLDialect
	Database version: 18.1
	Default catalog/schema: postgres/public
	Autocommit mode: undefined/unknown
	Isolation level: READ_COMMITTED [default READ_COMMITTED]
	JDBC fetch size: none
	Pool: DatasourceConnectionProviderImpl
	Minimum pool size: undefined/unknown
	Maximum pool size: undefined/unknown
2025-12-17 20:38:14 INFO  [main] o.h.e.t.j.p.i.JtaPlatformInitiator - HHH000489: No JTA platform available (set 'hibernate.transaction.jta.platform' to enable JTA platform integration)
2025-12-17 20:38:14 INFO  [main] o.s.o.j.LocalContainerEntityManagerFactoryBean - Initialized JPA EntityManagerFactory for persistence unit 'default'
2025-12-17 20:38:14 INFO  [main] o.s.d.j.r.q.QueryEnhancerFactories - Hibernate is in classpath; If applicable, HQL parser will be used.
2025-12-17 20:38:15 WARN  [main] o.s.b.j.a.JpaBaseConfiguration$JpaWebConfiguration - spring.jpa.open-in-view is enabled by default. Therefore, database queries may be performed during view rendering. Explicitly configure spring.jpa.open-in-view to disable this warning
2025-12-17 20:38:15 WARN  [main] o.s.b.s.a.UserDetailsServiceAutoConfiguration - 

Using generated security password: 11bd3b43-98cd-402e-9d13-bc570407549b

This generated password is for development use only. Your security configuration must be updated before running your application in production.

2025-12-17 20:38:15 INFO  [main] o.s.s.c.a.a.c.InitializeUserDetailsBeanManagerConfigurer$InitializeUserDetailsManagerConfigurer - Global AuthenticationManager configured with UserDetailsService bean with name inMemoryUserDetailsManager
2025-12-17 20:38:17 INFO  [main] o.s.boot.tomcat.TomcatWebServer - Tomcat started on port 8080 (http) with context path '/'
2025-12-17 20:38:17 INFO  [main] c.culina.auth.AuthServiceApplication - Started AuthServiceApplication in 13.11 seconds (process running for 13.712)
2025-12-17 20:54:28 INFO  [main] c.culina.auth.AuthServiceApplication - Starting AuthServiceApplication using Java 19 with PID 21736 (C:\Users\jagad\Documents\workspace\auth-service\target\classes started by jagad in C:\Users\jagad\Documents\workspace)
2025-12-17 20:54:28 DEBUG [main] c.culina.auth.AuthServiceApplication - Running with Spring Boot v4.0.0, Spring v7.0.1
2025-12-17 20:54:28 INFO  [main] c.culina.auth.AuthServiceApplication - No active profile set, falling back to 1 default profile: "default"
2025-12-17 20:54:29 INFO  [main] o.s.d.r.c.RepositoryConfigurationDelegate - Bootstrapping Spring Data JPA repositories in DEFAULT mode.
2025-12-17 20:54:30 INFO  [main] o.s.d.r.c.RepositoryConfigurationDelegate - Finished Spring Data repository scanning in 83 ms. Found 1 JPA repository interface.
2025-12-17 20:54:30 INFO  [main] o.s.boot.tomcat.TomcatWebServer - Tomcat initialized with port 8080 (http)
2025-12-17 20:54:30 INFO  [main] o.a.catalina.core.StandardService - Starting service [Tomcat]
2025-12-17 20:54:30 INFO  [main] o.a.catalina.core.StandardEngine - Starting Servlet engine: [Apache Tomcat/11.0.14]
2025-12-17 20:54:31 INFO  [main] o.s.b.w.c.s.WebApplicationContextInitializer - Root WebApplicationContext: initialization completed in 2169 ms
2025-12-17 20:54:31 DEBUG [main] c.c.a.s.JwtAuthenticationFilter - Filter 'jwtAuthenticationFilter' configured for use
2025-12-17 20:54:31 INFO  [main] o.h.jpa.internal.util.LogHelper - HHH000204: Processing PersistenceUnitInfo [name: default]
2025-12-17 20:54:31 INFO  [main] org.hibernate.Version - HHH000412: Hibernate ORM core version 7.1.8.Final
2025-12-17 20:54:32 INFO  [main] o.s.o.j.p.SpringPersistenceUnitInfo - No LoadTimeWeaver setup: ignoring JPA class transformer
2025-12-17 20:54:32 INFO  [main] com.zaxxer.hikari.HikariDataSource - HikariPool-1 - Starting...
2025-12-17 20:54:32 INFO  [main] com.zaxxer.hikari.pool.HikariPool - HikariPool-1 - Added connection org.postgresql.jdbc.PgConnection@29699283
2025-12-17 20:54:32 INFO  [main] com.zaxxer.hikari.HikariDataSource - HikariPool-1 - Start completed.
2025-12-17 20:54:32 WARN  [main] org.hibernate.orm.deprecation - HHH90000025: PostgreSQLDialect does not need to be specified explicitly using 'hibernate.dialect' (remove the property setting and it will be selected by default)
2025-12-17 20:54:32 INFO  [main] o.hibernate.orm.connections.pooling - HHH10001005: Database info:
	Database JDBC URL [jdbc:postgresql://localhost:5432/postgres]
	Database driver: PostgreSQL JDBC Driver
	Database dialect: PostgreSQLDialect
	Database version: 18.1
	Default catalog/schema: postgres/public
	Autocommit mode: undefined/unknown
	Isolation level: READ_COMMITTED [default READ_COMMITTED]
	JDBC fetch size: none
	Pool: DatasourceConnectionProviderImpl
	Minimum pool size: undefined/unknown
	Maximum pool size: undefined/unknown
2025-12-17 20:54:33 INFO  [main] o.h.e.t.j.p.i.JtaPlatformInitiator - HHH000489: No JTA platform available (set 'hibernate.transaction.jta.platform' to enable JTA platform integration)
2025-12-17 20:54:34 INFO  [main] o.s.o.j.LocalContainerEntityManagerFactoryBean - Initialized JPA EntityManagerFactory for persistence unit 'default'
2025-12-17 20:54:34 INFO  [main] o.s.d.j.r.q.QueryEnhancerFactories - Hibernate is in classpath; If applicable, HQL parser will be used.
2025-12-17 20:54:34 WARN  [main] o.s.b.j.a.JpaBaseConfiguration$JpaWebConfiguration - spring.jpa.open-in-view is enabled by default. Therefore, database queries may be performed during view rendering. Explicitly configure spring.jpa.open-in-view to disable this warning
2025-12-17 20:54:34 WARN  [main] o.s.b.s.a.UserDetailsServiceAutoConfiguration - 

Using generated security password: 94dcc978-7034-4435-a566-25ab72259252

This generated password is for development use only. Your security configuration must be updated before running your application in production.

2025-12-17 20:54:34 INFO  [main] o.s.s.c.a.a.c.InitializeUserDetailsBeanManagerConfigurer$InitializeUserDetailsManagerConfigurer - Global AuthenticationManager configured with UserDetailsService bean with name inMemoryUserDetailsManager
2025-12-17 20:54:35 INFO  [main] o.s.boot.tomcat.TomcatWebServer - Tomcat started on port 8080 (http) with context path '/'
2025-12-17 20:54:35 INFO  [main] c.culina.auth.AuthServiceApplication - Started AuthServiceApplication in 7.078 seconds (process running for 7.629)
2025-12-17 20:54:44 INFO  [main] c.culina.auth.AuthServiceApplication - Starting AuthServiceApplication using Java 19 with PID 10048 (C:\Users\jagad\Documents\workspace\auth-service\target\classes started by jagad in C:\Users\jagad\Documents\workspace)
2025-12-17 20:54:44 DEBUG [main] c.culina.auth.AuthServiceApplication - Running with Spring Boot v4.0.0, Spring v7.0.1
2025-12-17 20:54:44 INFO  [main] c.culina.auth.AuthServiceApplication - No active profile set, falling back to 1 default profile: "default"
2025-12-17 20:54:45 INFO  [main] o.s.d.r.c.RepositoryConfigurationDelegate - Bootstrapping Spring Data JPA repositories in DEFAULT mode.
2025-12-17 20:54:45 INFO  [main] o.s.d.r.c.RepositoryConfigurationDelegate - Finished Spring Data repository scanning in 84 ms. Found 1 JPA repository interface.
2025-12-17 20:54:46 INFO  [main] o.s.boot.tomcat.TomcatWebServer - Tomcat initialized with port 8080 (http)
2025-12-17 20:54:46 INFO  [main] o.s.b.w.c.s.WebApplicationContextInitializer - Root WebApplicationContext: initialization completed in 2373 ms
2025-12-17 20:54:46 DEBUG [main] c.c.a.s.JwtAuthenticationFilter - Filter 'jwtAuthenticationFilter' configured for use
2025-12-17 20:54:46 INFO  [main] o.h.jpa.internal.util.LogHelper - HHH000204: Processing PersistenceUnitInfo [name: default]
2025-12-17 20:54:47 INFO  [main] org.hibernate.Version - HHH000412: Hibernate ORM core version 7.1.8.Final
2025-12-17 20:54:47 INFO  [main] o.s.o.j.p.SpringPersistenceUnitInfo - No LoadTimeWeaver setup: ignoring JPA class transformer
2025-12-17 20:54:47 INFO  [main] com.zaxxer.hikari.HikariDataSource - HikariPool-1 - Starting...
2025-12-17 20:54:48 INFO  [main] com.zaxxer.hikari.pool.HikariPool - HikariPool-1 - Added connection org.postgresql.jdbc.PgConnection@29699283
2025-12-17 20:54:48 INFO  [main] com.zaxxer.hikari.HikariDataSource - HikariPool-1 - Start completed.
2025-12-17 20:54:48 WARN  [main] org.hibernate.orm.deprecation - HHH90000025: PostgreSQLDialect does not need to be specified explicitly using 'hibernate.dialect' (remove the property setting and it will be selected by default)
2025-12-17 20:54:48 INFO  [main] o.hibernate.orm.connections.pooling - HHH10001005: Database info:
	Database JDBC URL [jdbc:postgresql://localhost:5432/postgres]
	Database driver: PostgreSQL JDBC Driver
	Database dialect: PostgreSQLDialect
	Database version: 18.1
	Default catalog/schema: postgres/public
	Autocommit mode: undefined/unknown
	Isolation level: READ_COMMITTED [default READ_COMMITTED]
	JDBC fetch size: none
	Pool: DatasourceConnectionProviderImpl
	Minimum pool size: undefined/unknown
	Maximum pool size: undefined/unknown
2025-12-17 20:54:49 INFO  [main] o.h.e.t.j.p.i.JtaPlatformInitiator - HHH000489: No JTA platform available (set 'hibernate.transaction.jta.platform' to enable JTA platform integration)
2025-12-17 20:54:49 INFO  [main] o.s.o.j.LocalContainerEntityManagerFactoryBean - Initialized JPA EntityManagerFactory for persistence unit 'default'
2025-12-17 20:54:49 INFO  [main] o.s.d.j.r.q.QueryEnhancerFactories - Hibernate is in classpath; If applicable, HQL parser will be used.
2025-12-17 20:54:49 WARN  [main] o.s.b.j.a.JpaBaseConfiguration$JpaWebConfiguration - spring.jpa.open-in-view is enabled by default. Therefore, database queries may be performed during view rendering. Explicitly configure spring.jpa.open-in-view to disable this warning
2025-12-17 20:54:50 WARN  [main] o.s.b.s.a.UserDetailsServiceAutoConfiguration - 

Using generated security password: cbbf2f4d-0d7f-46ef-a88c-c447413de44d

This generated password is for development use only. Your security configuration must be updated before running your application in production.

2025-12-17 20:54:50 INFO  [main] o.s.s.c.a.a.c.InitializeUserDetailsBeanManagerConfigurer$InitializeUserDetailsManagerConfigurer - Global AuthenticationManager configured with UserDetailsService bean with name inMemoryUserDetailsManager
2025-12-17 20:54:50 WARN  [main] o.s.b.w.s.s.c.AnnotationConfigServletWebServerApplicationContext - Exception encountered during context initialization - cancelling refresh attempt: org.springframework.context.ApplicationContextException: Failed to start bean 'webServerStartStop'
2025-12-17 20:54:50 INFO  [main] o.s.o.j.LocalContainerEntityManagerFactoryBean - Closing JPA EntityManagerFactory for persistence unit 'default'
2025-12-17 20:54:50 INFO  [main] com.zaxxer.hikari.HikariDataSource - HikariPool-1 - Shutdown initiated...
2025-12-17 20:54:50 INFO  [main] com.zaxxer.hikari.HikariDataSource - HikariPool-1 - Shutdown completed.
2025-12-17 20:58:23 INFO  [SpringApplicationShutdownHook] o.s.boot.tomcat.GracefulShutdown - Commencing graceful shutdown. Waiting for active requests to complete
2025-12-17 20:58:23 INFO  [tomcat-shutdown] o.s.boot.tomcat.GracefulShutdown - Graceful shutdown complete
2025-12-17 20:58:23 INFO  [SpringApplicationShutdownHook] o.s.o.j.LocalContainerEntityManagerFactoryBean - Closing JPA EntityManagerFactory for persistence unit 'default'
2025-12-17 20:58:23 INFO  [SpringApplicationShutdownHook] com.zaxxer.hikari.HikariDataSource - HikariPool-1 - Shutdown initiated...
2025-12-17 20:58:23 INFO  [SpringApplicationShutdownHook] com.zaxxer.hikari.HikariDataSource - HikariPool-1 - Shutdown completed.
2025-12-17 21:11:06 INFO  [main] c.c.order.OrderServiceApplication - Starting OrderServiceApplication using Java 19 with PID 5056 (C:\Users\jagad\Documents\workspace\order-service\target\classes started by jagad in C:\Users\jagad\Documents\workspace)
2025-12-17 21:11:06 DEBUG [main] c.c.order.OrderServiceApplication - Running with Spring Boot v4.0.0, Spring v7.0.1
2025-12-17 21:11:06 INFO  [main] c.c.order.OrderServiceApplication - No active profile set, falling back to 1 default profile: "default"
2025-12-17 21:11:07 INFO  [main] o.s.d.r.c.RepositoryConfigurationDelegate - Bootstrapping Spring Data JPA repositories in DEFAULT mode.
2025-12-17 21:11:07 INFO  [main] o.s.d.r.c.RepositoryConfigurationDelegate - Finished Spring Data repository scanning in 95 ms. Found 3 JPA repository interfaces.
2025-12-17 21:11:08 INFO  [main] o.s.boot.tomcat.TomcatWebServer - Tomcat initialized with port 8081 (http)
2025-12-17 21:11:08 INFO  [main] o.a.catalina.core.StandardService - Starting service [Tomcat]
2025-12-17 21:11:08 INFO  [main] o.a.catalina.core.StandardEngine - Starting Servlet engine: [Apache Tomcat/11.0.14]
2025-12-17 21:11:08 INFO  [main] o.s.b.w.c.s.WebApplicationContextInitializer - Root WebApplicationContext: initialization completed in 2242 ms
2025-12-17 21:11:08 DEBUG [main] c.c.o.s.JwtAuthenticationFilter - Filter 'jwtAuthenticationFilter' configured for use
2025-12-17 21:11:08 INFO  [main] o.h.jpa.internal.util.LogHelper - HHH000204: Processing PersistenceUnitInfo [name: default]
2025-12-17 21:11:08 INFO  [main] org.hibernate.Version - HHH000412: Hibernate ORM core version 7.1.8.Final
2025-12-17 21:11:09 INFO  [main] o.s.o.j.p.SpringPersistenceUnitInfo - No LoadTimeWeaver setup: ignoring JPA class transformer
2025-12-17 21:11:09 INFO  [main] com.zaxxer.hikari.HikariDataSource - HikariPool-1 - Starting...
2025-12-17 21:11:09 INFO  [main] com.zaxxer.hikari.pool.HikariPool - HikariPool-1 - Added connection org.postgresql.jdbc.PgConnection@5f20b6fe
2025-12-17 21:11:09 INFO  [main] com.zaxxer.hikari.HikariDataSource - HikariPool-1 - Start completed.
2025-12-17 21:11:10 WARN  [main] org.hibernate.orm.deprecation - HHH90000025: PostgreSQLDialect does not need to be specified explicitly using 'hibernate.dialect' (remove the property setting and it will be selected by default)
2025-12-17 21:11:10 INFO  [main] o.hibernate.orm.connections.pooling - HHH10001005: Database info:
	Database JDBC URL [jdbc:postgresql://localhost:5432/postgres]
	Database driver: PostgreSQL JDBC Driver
	Database dialect: PostgreSQLDialect
	Database version: 18.1
	Default catalog/schema: postgres/public
	Autocommit mode: undefined/unknown
	Isolation level: READ_COMMITTED [default READ_COMMITTED]
	JDBC fetch size: none
	Pool: DatasourceConnectionProviderImpl
	Minimum pool size: undefined/unknown
	Maximum pool size: undefined/unknown
2025-12-17 21:11:11 INFO  [main] o.h.e.t.j.p.i.JtaPlatformInitiator - HHH000489: No JTA platform available (set 'hibernate.transaction.jta.platform' to enable JTA platform integration)
2025-12-17 21:11:11 INFO  [main] o.s.o.j.LocalContainerEntityManagerFactoryBean - Initialized JPA EntityManagerFactory for persistence unit 'default'
2025-12-17 21:11:11 INFO  [main] o.s.d.j.r.q.QueryEnhancerFactories - Hibernate is in classpath; If applicable, HQL parser will be used.
2025-12-17 21:11:11 WARN  [main] o.s.b.j.a.JpaBaseConfiguration$JpaWebConfiguration - spring.jpa.open-in-view is enabled by default. Therefore, database queries may be performed during view rendering. Explicitly configure spring.jpa.open-in-view to disable this warning
2025-12-17 21:11:11 WARN  [main] o.s.b.s.a.UserDetailsServiceAutoConfiguration - 

Using generated security password: 03c9e83c-f193-472d-8f8f-77af7d676e9a

This generated password is for development use only. Your security configuration must be updated before running your application in production.

2025-12-17 21:11:11 INFO  [main] o.s.s.c.a.a.c.InitializeUserDetailsBeanManagerConfigurer$InitializeUserDetailsManagerConfigurer - Global AuthenticationManager configured with UserDetailsService bean with name inMemoryUserDetailsManager
2025-12-17 21:11:12 INFO  [main] o.s.boot.tomcat.TomcatWebServer - Tomcat started on port 8081 (http) with context path '/'
2025-12-17 21:11:12 INFO  [main] c.c.order.OrderServiceApplication - Started OrderServiceApplication in 7.197 seconds (process running for 7.726)
2025-12-17 21:11:25 INFO  [http-nio-8081-exec-3] o.a.c.c.C.[Tomcat].[localhost].[/] - Initializing Spring DispatcherServlet 'dispatcherServlet'
2025-12-17 21:11:25 INFO  [http-nio-8081-exec-3] o.s.web.servlet.DispatcherServlet - Initializing Servlet 'dispatcherServlet'
2025-12-17 21:11:25 INFO  [http-nio-8081-exec-3] o.s.web.servlet.DispatcherServlet - Completed initialization in 6 ms
2025-12-17 21:16:03 INFO  [SpringApplicationShutdownHook] o.s.boot.tomcat.GracefulShutdown - Commencing graceful shutdown. Waiting for active requests to complete
2025-12-17 21:16:03 INFO  [tomcat-shutdown] o.s.boot.tomcat.GracefulShutdown - Graceful shutdown complete
2025-12-17 21:16:03 INFO  [SpringApplicationShutdownHook] o.s.o.j.LocalContainerEntityManagerFactoryBean - Closing JPA EntityManagerFactory for persistence unit 'default'
2025-12-17 21:16:03 INFO  [SpringApplicationShutdownHook] com.zaxxer.hikari.HikariDataSource - HikariPool-1 - Shutdown initiated...
2025-12-17 21:16:03 INFO  [SpringApplicationShutdownHook] com.zaxxer.hikari.HikariDataSource - HikariPool-1 - Shutdown completed.
2025-12-17 21:17:03 INFO  [main] c.c.order.OrderServiceApplication - Starting OrderServiceApplication using Java 19 with PID 5316 (C:\Users\jagad\Documents\workspace\order-service\target\classes started by jagad in C:\Users\jagad\Documents\workspace)
2025-12-17 21:17:03 DEBUG [main] c.c.order.OrderServiceApplication - Running with Spring Boot v4.0.0, Spring v7.0.1
2025-12-17 21:17:03 INFO  [main] c.c.order.OrderServiceApplication - No active profile set, falling back to 1 default profile: "default"
2025-12-17 21:17:04 INFO  [main] o.s.d.r.c.RepositoryConfigurationDelegate - Bootstrapping Spring Data JPA repositories in DEFAULT mode.
2025-12-17 21:17:04 INFO  [main] o.s.d.r.c.RepositoryConfigurationDelegate - Finished Spring Data repository scanning in 90 ms. Found 3 JPA repository interfaces.
2025-12-17 21:17:06 INFO  [main] o.s.boot.tomcat.TomcatWebServer - Tomcat initialized with port 8081 (http)
2025-12-17 21:17:06 INFO  [main] o.a.catalina.core.StandardService - Starting service [Tomcat]
2025-12-17 21:17:06 INFO  [main] o.a.catalina.core.StandardEngine - Starting Servlet engine: [Apache Tomcat/11.0.14]
2025-12-17 21:17:06 INFO  [main] o.s.b.w.c.s.WebApplicationContextInitializer - Root WebApplicationContext: initialization completed in 2687 ms
2025-12-17 21:17:06 DEBUG [main] c.c.o.s.JwtAuthenticationFilter - Filter 'jwtAuthenticationFilter' configured for use
2025-12-17 21:17:06 INFO  [main] o.h.jpa.internal.util.LogHelper - HHH000204: Processing PersistenceUnitInfo [name: default]
2025-12-17 21:17:06 INFO  [main] org.hibernate.Version - HHH000412: Hibernate ORM core version 7.1.8.Final
2025-12-17 21:17:07 INFO  [main] o.s.o.j.p.SpringPersistenceUnitInfo - No LoadTimeWeaver setup: ignoring JPA class transformer
2025-12-17 21:17:07 INFO  [main] com.zaxxer.hikari.HikariDataSource - HikariPool-1 - Starting...
2025-12-17 21:17:07 INFO  [main] com.zaxxer.hikari.pool.HikariPool - HikariPool-1 - Added connection org.postgresql.jdbc.PgConnection@76e00bdb
2025-12-17 21:17:08 INFO  [main] com.zaxxer.hikari.HikariDataSource - HikariPool-1 - Start completed.
2025-12-17 21:17:08 WARN  [main] org.hibernate.orm.deprecation - HHH90000025: PostgreSQLDialect does not need to be specified explicitly using 'hibernate.dialect' (remove the property setting and it will be selected by default)
2025-12-17 21:17:08 INFO  [main] o.hibernate.orm.connections.pooling - HHH10001005: Database info:
	Database JDBC URL [jdbc:postgresql://localhost:5432/postgres]
	Database driver: PostgreSQL JDBC Driver
	Database dialect: PostgreSQLDialect
	Database version: 18.1
	Default catalog/schema: postgres/public
	Autocommit mode: undefined/unknown
	Isolation level: READ_COMMITTED [default READ_COMMITTED]
	JDBC fetch size: none
	Pool: DatasourceConnectionProviderImpl
	Minimum pool size: undefined/unknown
	Maximum pool size: undefined/unknown
2025-12-17 21:17:09 INFO  [main] o.h.e.t.j.p.i.JtaPlatformInitiator - HHH000489: No JTA platform available (set 'hibernate.transaction.jta.platform' to enable JTA platform integration)
2025-12-17 21:17:09 INFO  [main] o.s.o.j.LocalContainerEntityManagerFactoryBean - Initialized JPA EntityManagerFactory for persistence unit 'default'
2025-12-17 21:17:09 INFO  [main] o.s.d.j.r.q.QueryEnhancerFactories - Hibernate is in classpath; If applicable, HQL parser will be used.
2025-12-17 21:17:10 WARN  [main] o.s.b.j.a.JpaBaseConfiguration$JpaWebConfiguration - spring.jpa.open-in-view is enabled by default. Therefore, database queries may be performed during view rendering. Explicitly configure spring.jpa.open-in-view to disable this warning
2025-12-17 21:17:10 WARN  [main] o.s.b.s.a.UserDetailsServiceAutoConfiguration - 

Using generated security password: e2cb76da-b7f0-4526-99a4-82d7867cdb8e

This generated password is for development use only. Your security configuration must be updated before running your application in production.

2025-12-17 21:17:10 INFO  [main] o.s.s.c.a.a.c.InitializeUserDetailsBeanManagerConfigurer$InitializeUserDetailsManagerConfigurer - Global AuthenticationManager configured with UserDetailsService bean with name inMemoryUserDetailsManager
2025-12-17 21:17:11 INFO  [main] o.s.boot.tomcat.TomcatWebServer - Tomcat started on port 8081 (http) with context path '/'
2025-12-17 21:17:11 INFO  [main] c.c.order.OrderServiceApplication - Started OrderServiceApplication in 8.374 seconds (process running for 9.083)
2025-12-17 21:17:34 INFO  [http-nio-8081-exec-3] o.a.c.c.C.[Tomcat].[localhost].[/] - Initializing Spring DispatcherServlet 'dispatcherServlet'
2025-12-17 21:17:34 INFO  [http-nio-8081-exec-3] o.s.web.servlet.DispatcherServlet - Initializing Servlet 'dispatcherServlet'
2025-12-17 21:17:34 INFO  [http-nio-8081-exec-3] o.s.web.servlet.DispatcherServlet - Completed initialization in 4 ms
2025-12-17 21:33:36 INFO  [main] c.culina.auth.AuthServiceApplication - Starting AuthServiceApplication using Java 19 with PID 24344 (C:\Users\jagad\Documents\workspace\auth-service\target\classes started by jagad in C:\Users\jagad\Documents\workspace)
2025-12-17 21:33:36 DEBUG [main] c.culina.auth.AuthServiceApplication - Running with Spring Boot v3.2.5, Spring v6.1.6
2025-12-17 21:33:36 INFO  [main] c.culina.auth.AuthServiceApplication - No active profile set, falling back to 1 default profile: "default"
2025-12-17 21:33:37 INFO  [main] o.s.d.r.c.RepositoryConfigurationDelegate - Bootstrapping Spring Data JPA repositories in DEFAULT mode.
2025-12-17 21:33:38 INFO  [main] o.s.d.r.c.RepositoryConfigurationDelegate - Finished Spring Data repository scanning in 83 ms. Found 1 JPA repository interface.
2025-12-17 21:33:38 INFO  [main] o.s.b.w.e.tomcat.TomcatWebServer - Tomcat initialized with port 8080 (http)
2025-12-17 21:33:39 INFO  [main] o.a.catalina.core.StandardService - Starting service [Tomcat]
2025-12-17 21:33:39 INFO  [main] o.a.catalina.core.StandardEngine - Starting Servlet engine: [Apache Tomcat/10.1.20]
2025-12-17 21:33:39 INFO  [main] o.a.c.c.C.[Tomcat].[localhost].[/] - Initializing Spring embedded WebApplicationContext
2025-12-17 21:33:39 INFO  [main] o.s.b.w.s.c.ServletWebServerApplicationContext - Root WebApplicationContext: initialization completed in 2228 ms
2025-12-17 21:33:39 DEBUG [main] c.c.a.s.JwtAuthenticationFilter - Filter 'jwtAuthenticationFilter' configured for use
2025-12-17 21:33:39 INFO  [main] o.h.jpa.internal.util.LogHelper - HHH000204: Processing PersistenceUnitInfo [name: default]
2025-12-17 21:33:39 INFO  [main] org.hibernate.Version - HHH000412: Hibernate ORM core version 6.4.4.Final
2025-12-17 21:33:39 INFO  [main] o.h.c.i.RegionFactoryInitiator - HHH000026: Second-level cache disabled
2025-12-17 21:33:39 INFO  [main] o.s.o.j.p.SpringPersistenceUnitInfo - No LoadTimeWeaver setup: ignoring JPA class transformer
2025-12-17 21:33:39 INFO  [main] com.zaxxer.hikari.HikariDataSource - HikariPool-1 - Starting...
2025-12-17 21:33:40 INFO  [main] com.zaxxer.hikari.pool.HikariPool - HikariPool-1 - Added connection org.postgresql.jdbc.PgConnection@65844c96
2025-12-17 21:33:40 INFO  [main] com.zaxxer.hikari.HikariDataSource - HikariPool-1 - Start completed.
2025-12-17 21:33:40 WARN  [main] org.hibernate.orm.deprecation - HHH90000025: PostgreSQLDialect does not need to be specified explicitly using 'hibernate.dialect' (remove the property setting and it will be selected by default)
2025-12-17 21:33:41 INFO  [main] o.h.e.t.j.p.i.JtaPlatformInitiator - HHH000489: No JTA platform available (set 'hibernate.transaction.jta.platform' to enable JTA platform integration)
2025-12-17 21:33:41 INFO  [main] o.s.o.j.LocalContainerEntityManagerFactoryBean - Initialized JPA EntityManagerFactory for persistence unit 'default'
2025-12-17 21:33:42 WARN  [main] o.s.b.a.o.j.JpaBaseConfiguration$JpaWebConfiguration - spring.jpa.open-in-view is enabled by default. Therefore, database queries may be performed during view rendering. Explicitly configure spring.jpa.open-in-view to disable this warning
2025-12-17 21:33:42 WARN  [main] o.s.b.a.s.s.UserDetailsServiceAutoConfiguration - 

Using generated security password: 8d369a5e-336a-4fdd-bc05-71e5d903f085

This generated password is for development use only. Your security configuration must be updated before running your application in production.

2025-12-17 21:33:42 INFO  [main] o.s.s.web.DefaultSecurityFilterChain - Will secure any request with [org.springframework.security.web.session.DisableEncodeUrlFilter@52a0bc48, org.springframework.security.web.context.request.async.WebAsyncManagerIntegrationFilter@28941a68, org.springframework.security.web.context.SecurityContextHolderFilter@1f229c40, org.springframework.security.web.header.HeaderWriterFilter@1d4e06bb, org.springframework.web.filter.CorsFilter@24ce5d4c, org.springframework.security.web.authentication.logout.LogoutFilter@590336ed, com.culina.auth.security.JwtAuthenticationFilter@43d3aba5, org.springframework.security.web.savedrequest.RequestCacheAwareFilter@391b03b, org.springframework.security.web.servletapi.SecurityContextHolderAwareRequestFilter@4a977146, org.springframework.security.web.authentication.AnonymousAuthenticationFilter@24fc9aa5, org.springframework.security.web.session.SessionManagementFilter@2d527346, org.springframework.security.web.access.ExceptionTranslationFilter@64d1f549, org.springframework.security.web.access.intercept.AuthorizationFilter@8de4206]
2025-12-17 21:33:42 INFO  [main] o.s.b.w.e.tomcat.TomcatWebServer - Tomcat started on port 8080 (http) with context path ''
2025-12-17 21:33:42 INFO  [main] c.culina.auth.AuthServiceApplication - Started AuthServiceApplication in 6.788 seconds (process running for 7.162)
2025-12-17 21:33:48 INFO  [http-nio-8080-exec-1] o.a.c.c.C.[Tomcat].[localhost].[/] - Initializing Spring DispatcherServlet 'dispatcherServlet'
2025-12-17 21:33:48 INFO  [http-nio-8080-exec-1] o.s.web.servlet.DispatcherServlet - Initializing Servlet 'dispatcherServlet'
2025-12-17 21:33:48 INFO  [http-nio-8080-exec-1] o.s.web.servlet.DispatcherServlet - Completed initialization in 9 ms
2025-12-17 21:33:49 DEBUG [http-nio-8080-exec-1] org.hibernate.SQL - 
    select
        u1_0.id,
        u1_0.active,
        u1_0.created_at,
        u1_0.email,
        u1_0.name,
        u1_0.password,
        u1_0.phone,
        u1_0.role,
        u1_0.updated_at 
    from
        public.users u1_0 
    where
        u1_0.email=?
